Using pre-set license
Built from '2020.3/staging' branch; Version is '2020.3.16f1 (049d6eca3c44) revision 302446'; Using compiler version '192528614'; Build Type 'Release'
OS: 'Windows 10 Pro; OS build 19044.1706; Version 2009; 64bit' Language: 'fr' Physical Memory: 32429 MB
BatchMode: 1, IsHumanControllingUs: 0, StartBugReporterOnCrash: 0, Is64bit: 1, IsPro: 0

 COMMAND LINE ARGUMENTS:
C:\Program Files\Unity\Hub\Editor\2020.3.16f1\Editor\Unity.exe
-adb2
-batchMode
-noUpm
-name
AssetImportWorker0
-projectPath
C:/Users/jpoir/Desktop/jeux/projet/LaValleeFinale
-logFile
Logs/AssetImportWorker0.log
-srvPort
55780
Successfully changed project path to: C:/Users/jpoir/Desktop/jeux/projet/LaValleeFinale
C:/Users/jpoir/Desktop/jeux/projet/LaValleeFinale
Using Asset Import Pipeline V2.
Refreshing native plugins compatible for Editor in 28.22 ms, found 2 plugins.
Preloading 0 native plugins for Editor in 0.00 ms.
Initialize engine version: 2020.3.16f1 (049d6eca3c44)
[Subsystems] Discovering subsystems at path C:/Program Files/Unity/Hub/Editor/2020.3.16f1/Editor/Data/Resources/UnitySubsystems
[Subsystems] Discovering subsystems at path C:/Users/jpoir/Desktop/jeux/projet/LaValleeFinale/Assets
GfxDevice: creating device client; threaded=0
Direct3D:
    Version:  Direct3D 11.0 [level 11.1]
    Renderer: NVIDIA GeForce RTX 3070 Laptop GPU (ID=0x24dd)
    Vendor:   
    VRAM:     8044 MB
    Driver:   30.0.14.7175
Initialize mono
Mono path[0] = 'C:/Program Files/Unity/Hub/Editor/2020.3.16f1/Editor/Data/Managed'
Mono path[1] = 'C:/Program Files/Unity/Hub/Editor/2020.3.16f1/Editor/Data/MonoBleedingEdge/lib/mono/unityjit'
Mono config path = 'C:/Program Files/Unity/Hub/Editor/2020.3.16f1/Editor/Data/MonoBleedingEdge/etc'
Using monoOptions --debugger-agent=transport=dt_socket,embedding=1,server=y,suspend=n,address=127.0.0.1:56512
Begin MonoManager ReloadAssembly
Registering precompiled unity dll's ...
Register platform support module: C:/Program Files/Unity/Hub/Editor/2020.3.16f1/Editor/Data/PlaybackEngines/WebGLSupport/UnityEditor.WebGL.Extensions.dll
Register platform support module: C:/Program Files/Unity/Hub/Editor/2020.3.16f1/Editor/Data/PlaybackEngines/WindowsStandaloneSupport/UnityEditor.WindowsStandalone.Extensions.dll
Registered in 0.002058 seconds.
Native extension for WindowsStandalone target not found
Native extension for WebGL target not found
Refreshing native plugins compatible for Editor in 28.71 ms, found 2 plugins.
Preloading 0 native plugins for Editor in 0.00 ms.
Mono: successfully reloaded assembly
- Completed reload, in  1.060 seconds
Domain Reload Profiling:
	ReloadAssembly (1061ms)
		BeginReloadAssembly (44ms)
			ExecutionOrderSort (0ms)
			DisableScriptedObjects (0ms)
			BackupInstance (0ms)
			ReleaseScriptingObjects (0ms)
			CreateAndSetChildDomain (1ms)
		EndReloadAssembly (348ms)
			LoadAssemblies (42ms)
			RebuildTransferFunctionScriptingTraits (0ms)
			SetupTypeCache (114ms)
			ReleaseScriptCaches (0ms)
			RebuildScriptCaches (23ms)
			SetupLoadedEditorAssemblies (151ms)
				LogAssemblyErrors (0ms)
				InitializePlatformSupportModulesInManaged (4ms)
				SetLoadedEditorAssemblies (0ms)
				RefreshPlugins (29ms)
				BeforeProcessingInitializeOnLoad (14ms)
				ProcessInitializeOnLoadAttributes (72ms)
				ProcessInitializeOnLoadMethodAttributes (32ms)
				AfterProcessingInitializeOnLoad (0ms)
				EditorAssembliesLoaded (0ms)
			ExecutionOrderSort2 (0ms)
			AwakeInstancesAfterBackupRestoration (0ms)
Platform modules already initialized, skipping
Registering precompiled user dll's ...
Registered in 0.015889 seconds.
Begin MonoManager ReloadAssembly
Native extension for WindowsStandalone target not found
Native extension for WebGL target not found
Refreshing native plugins compatible for Editor in 0.43 ms, found 2 plugins.
Preloading 0 native plugins for Editor in 0.00 ms.
Mono: successfully reloaded assembly
- Completed reload, in  1.091 seconds
Domain Reload Profiling:
	ReloadAssembly (1092ms)
		BeginReloadAssembly (133ms)
			ExecutionOrderSort (0ms)
			DisableScriptedObjects (4ms)
			BackupInstance (0ms)
			ReleaseScriptingObjects (0ms)
			CreateAndSetChildDomain (21ms)
		EndReloadAssembly (858ms)
			LoadAssemblies (132ms)
			RebuildTransferFunctionScriptingTraits (0ms)
			SetupTypeCache (289ms)
			ReleaseScriptCaches (0ms)
			RebuildScriptCaches (42ms)
			SetupLoadedEditorAssemblies (309ms)
				LogAssemblyErrors (0ms)
				InitializePlatformSupportModulesInManaged (6ms)
				SetLoadedEditorAssemblies (0ms)
				RefreshPlugins (1ms)
				BeforeProcessingInitializeOnLoad (69ms)
				ProcessInitializeOnLoadAttributes (224ms)
				ProcessInitializeOnLoadMethodAttributes (3ms)
				AfterProcessingInitializeOnLoad (6ms)
				EditorAssembliesLoaded (0ms)
			ExecutionOrderSort2 (0ms)
			AwakeInstancesAfterBackupRestoration (5ms)
Platform modules already initialized, skipping
========================================================================
Worker process is ready to serve import requests
Launched and connected shader compiler UnityShaderCompiler.exe after 0.05 seconds
Refreshing native plugins compatible for Editor in 0.29 ms, found 2 plugins.
Preloading 0 native plugins for Editor in 0.00 ms.
Unloading 1397 Unused Serialized files (Serialized files now loaded: 0)
System memory in use before: 64.8 MB.
System memory in use after: 64.9 MB.

Unloading 18 unused Assets to reduce memory usage. Loaded Objects now: 1830.
Total: 2.287600 ms (FindLiveObjects: 0.159800 ms CreateObjectMapping: 0.023400 ms MarkObjects: 2.037000 ms  DeleteObjects: 0.066400 ms)

AssetImportParameters requested are different than current active one (requested -> active):
  custom:framework-win-MediaFoundation: 216162199b28c13a410421893ffa2e32 -> 
  custom:video-decoder-ogg-theora: a1e56fd34408186e4bbccfd4996cb3dc -> 
  custom:container-muxer-webm: aa71ff27fc2769a1b78a27578f13a17b -> 
  custom:container-demuxer-webm: 4f35f7cbe854078d1ac9338744f61a02 -> 
  custom:container-demuxer-ogg: 62fdf1f143b41e24485cea50d1cbac27 -> 
  custom:video-encoder-webm-vp8: eb34c28f22e8b96e1ab97ce403110664 -> 
  custom:video-codec-MediaFoundation-h265: 746d11721c4dcdbdad8f713fa42b33f4 -> 
  custom:video-decoder-webm-vp8: 9c59270c3fd7afecdb556c50c9e8de78 -> 
  custom:audio-decoder-ogg-vorbis: bf7c407c2cedff20999df2af8eb42d56 -> 
  custom:audio-encoder-webm-vorbis: bf7c407c2cedff20999df2af8eb42d56 -> 
========================================================================
Received Import Request.
  path: Assets
  artifactKey: Guid(00000000000000001000000000000000) Importer(815301076,1909f56bfc062723c751e8b465ee728b)
Start importing Assets using Guid(00000000000000001000000000000000) Importer(815301076,1909f56bfc062723c751e8b465ee728b)  -> (artifact id: '42d402b061de3733987d63b9cc3b64de') in 0.004427 seconds 
  Import took 0.007118 seconds .

========================================================================
Received Import Request.
  Time since last request: 116.306383 seconds.
  path: Assets/TextMesh Pro
  artifactKey: Guid(cc9c000832035ce408e9afcaf4d29f89) Importer(815301076,1909f56bfc062723c751e8b465ee728b)
Start importing Assets/TextMesh Pro using Guid(cc9c000832035ce408e9afcaf4d29f89) Importer(815301076,1909f56bfc062723c751e8b465ee728b)  -> (artifact id: 'edf1a88a8e2de7193090470d06f8c8da') in 0.010227 seconds 
  Import took 0.017926 seconds .

========================================================================
Received Import Request.
  Time since last request: 0.026436 seconds.
  path: Assets/TextMesh Pro
  artifactKey: Guid(cc9c000832035ce408e9afcaf4d29f89) Importer(815301076,1909f56bfc062723c751e8b465ee728b)
Start importing Assets/TextMesh Pro using Guid(cc9c000832035ce408e9afcaf4d29f89) Importer(815301076,1909f56bfc062723c751e8b465ee728b)  -> (artifact id: 'edf1a88a8e2de7193090470d06f8c8da') in 0.007816 seconds 
  Import took 0.015733 seconds .

========================================================================
Received Import Request.
  Time since last request: 13.746555 seconds.
  path: Assets/Scenes
  artifactKey: Guid(b0740d0f868d2c14c997e679a2e8d77c) Importer(815301076,1909f56bfc062723c751e8b465ee728b)
Start importing Assets/Scenes using Guid(b0740d0f868d2c14c997e679a2e8d77c) Importer(815301076,1909f56bfc062723c751e8b465ee728b)  -> (artifact id: 'd41deaf55918f8f1a0a7f306d937a1fe') in 0.007640 seconds 
  Import took 0.013950 seconds .

========================================================================
Received Import Request.
  Time since last request: 1.005911 seconds.
  path: Assets/Scenes/UniversalRenderPipelineAsset_Renderer.asset
  artifactKey: Guid(7d674d420aa255240bc03ae4a428c110) Importer(815301076,1909f56bfc062723c751e8b465ee728b)
Start importing Assets/Scenes/UniversalRenderPipelineAsset_Renderer.asset using Guid(7d674d420aa255240bc03ae4a428c110) Importer(815301076,1909f56bfc062723c751e8b465ee728b)  -> (artifact id: 'e37cddc6cd900da4c021920a7b7bde6e') in 0.029316 seconds 
  Import took 0.031270 seconds .

========================================================================
Received Import Request.
  Time since last request: 0.000393 seconds.
  path: Assets/Scenes/URP.asset
  artifactKey: Guid(00712f8f2be47ff4fa234ea3966765dd) Importer(815301076,1909f56bfc062723c751e8b465ee728b)
Start importing Assets/Scenes/URP.asset using Guid(00712f8f2be47ff4fa234ea3966765dd) Importer(815301076,1909f56bfc062723c751e8b465ee728b)  -> (artifact id: '10ac4ac505cc40821950a063811b4538') in 0.002520 seconds 
  Import took 0.004289 seconds .

========================================================================
Received Import Request.
  Time since last request: 11.614512 seconds.
  path: Assets/AllSkyFree/Cold Night/Materials/Cold Night Equirect.mat
  artifactKey: Guid(7e2d7352b74d4bb45a59ba04ad582a79) Importer(815301076,1909f56bfc062723c751e8b465ee728b)
Start importing Assets/AllSkyFree/Cold Night/Materials/Cold Night Equirect.mat using Guid(7e2d7352b74d4bb45a59ba04ad582a79) Importer(815301076,1909f56bfc062723c751e8b465ee728b)  -> (artifact id: '8ca2ed3fa1f5ee1767b7752d7b0cdbe6') in 0.160925 seconds 
  Import took 0.164485 seconds .

========================================================================
Received Import Request.
  Time since last request: 1.756940 seconds.
  path: Assets/AllSkyFree/Deep Dusk/Deep Dusk Equirect.mat
  artifactKey: Guid(c82a334cf5a5e47978749c210cee72a7) Importer(815301076,1909f56bfc062723c751e8b465ee728b)
Start importing Assets/AllSkyFree/Deep Dusk/Deep Dusk Equirect.mat using Guid(c82a334cf5a5e47978749c210cee72a7) Importer(815301076,1909f56bfc062723c751e8b465ee728b)  -> (artifact id: '29afdd4886cc8a7c747e678697def409') in 0.037947 seconds 
  Import took 0.042047 seconds .

========================================================================
Received Import Request.
  Time since last request: 0.000381 seconds.
  path: Assets/AllSkyFree/Deep Dusk/Deep Dusk Equirect.png
  artifactKey: Guid(66e51860485ae4048a30f7e029e65af7) Importer(815301076,1909f56bfc062723c751e8b465ee728b)
Start importing Assets/AllSkyFree/Deep Dusk/Deep Dusk Equirect.png using Guid(66e51860485ae4048a30f7e029e65af7) Importer(815301076,1909f56bfc062723c751e8b465ee728b)  -> (artifact id: 'da149e4746313de32533c886521768c8') in 0.296531 seconds 
  Import took 0.299901 seconds .

========================================================================
Received Import Request.
  Time since last request: 0.662633 seconds.
  path: Assets/AllSkyFree/Epic_BlueSunset/Epic_BlueSunset Equirect.mat
  artifactKey: Guid(cdbb40e11399e4a17882ada20a1b896a) Importer(815301076,1909f56bfc062723c751e8b465ee728b)
Start importing Assets/AllSkyFree/Epic_BlueSunset/Epic_BlueSunset Equirect.mat using Guid(cdbb40e11399e4a17882ada20a1b896a) Importer(815301076,1909f56bfc062723c751e8b465ee728b)  -> (artifact id: '85febc480e665faaf619a0d382ac98fe') in 0.036372 seconds 
  Import took 0.040012 seconds .

========================================================================
Received Import Request.
  Time since last request: 0.000379 seconds.
  path: Assets/AllSkyFree/Epic_BlueSunset/Epic_BlueSunset_EquiRect_flat.png
  artifactKey: Guid(e71fc492f440446b99875b8e1df890ba) Importer(815301076,1909f56bfc062723c751e8b465ee728b)
Start importing Assets/AllSkyFree/Epic_BlueSunset/Epic_BlueSunset_EquiRect_flat.png using Guid(e71fc492f440446b99875b8e1df890ba) Importer(815301076,1909f56bfc062723c751e8b465ee728b)  -> (artifact id: 'ce82bf5b8946949dc85d98292a9f7926') in 0.237269 seconds 
  Import took 0.243115 seconds .

========================================================================
Received Import Request.
  Time since last request: 0.307439 seconds.
  path: Assets/AllSkyFree/Night MoonBurst/AllSky_Night_MoonBurst Equirect.mat
  artifactKey: Guid(51b74d7bad397457d883c5940f7664d8) Importer(815301076,1909f56bfc062723c751e8b465ee728b)
Start importing Assets/AllSkyFree/Night MoonBurst/AllSky_Night_MoonBurst Equirect.mat using Guid(51b74d7bad397457d883c5940f7664d8) Importer(815301076,1909f56bfc062723c751e8b465ee728b)  -> (artifact id: '799a272d81b8b5e8179603ba600cd84d') in 0.041142 seconds 
  Import took 0.044795 seconds .

========================================================================
Received Import Request.
  Time since last request: 0.000336 seconds.
  path: Assets/AllSkyFree/Night MoonBurst/AllSky_Night_MoonBurst Equirect.png
  artifactKey: Guid(34a763168147f4182a21b9fd004d67de) Importer(815301076,1909f56bfc062723c751e8b465ee728b)
Start importing Assets/AllSkyFree/Night MoonBurst/AllSky_Night_MoonBurst Equirect.png using Guid(34a763168147f4182a21b9fd004d67de) Importer(815301076,1909f56bfc062723c751e8b465ee728b)  -> (artifact id: 'f886b5a953e334fd89f262ec9ed954db') in 0.242030 seconds 
  Import took 0.246360 seconds .

========================================================================
Received Import Request.
  Time since last request: 11.301671 seconds.
  path: Assets/Scenes/laValleedesOmbres.unity
  artifactKey: Guid(fdf4627208eaddf47a466475e9016c43) Importer(815301076,1909f56bfc062723c751e8b465ee728b)
Start importing Assets/Scenes/laValleedesOmbres.unity using Guid(fdf4627208eaddf47a466475e9016c43) Importer(815301076,1909f56bfc062723c751e8b465ee728b)  -> (artifact id: 'e3df2e282552a2d5127fcbf63da6bcd6') in 0.015675 seconds 
  Import took 0.027340 seconds .

AssetImportWorkerClient::OnTransportError - code=2 error=End of file
